Crashlog created at 2014-05-18 21:27:05 +0200

===== MESSAGE:

Sass::SyntaxError: Invalid CSS after "    content:": expected expression (e.g. 1px, bold), was "}"

===== COMPILATION STACK:

  (empty)

===== STACK TRACE:

  0. content/stylesheets/stylesheet.scss:142
  1. /Users/retro/.rvm/gems/ruby-2.1.1/gems/sass-3.2.19/lib/sass/scss/parser.rb:1147:in `expected'
  2. /Users/retro/.rvm/gems/ruby-2.1.1/gems/sass-3.2.19/lib/sass/script/lexer.rb:206:in `expected!'
  3. /Users/retro/.rvm/gems/ruby-2.1.1/gems/sass-3.2.19/lib/sass/script/parser.rb:478:in `assert_expr'
  4. /Users/retro/.rvm/gems/ruby-2.1.1/gems/sass-3.2.19/lib/sass/script/parser.rb:49:in `parse'
  5. /Users/retro/.rvm/gems/ruby-2.1.1/gems/sass-3.2.19/lib/sass/scss/parser.rb:1022:in `sass_script'
  6. /Users/retro/.rvm/gems/ruby-2.1.1/gems/sass-3.2.19/lib/sass/scss/parser.rb:882:in `value!'
  7. /Users/retro/.rvm/gems/ruby-2.1.1/gems/sass-3.2.19/lib/sass/scss/parser.rb:859:in `declaration'
  8. /Users/retro/.rvm/gems/ruby-2.1.1/gems/sass-3.2.19/lib/sass/scss/parser.rb:582:in `block in declaration_or_ruleset'
  9. /Users/retro/.rvm/gems/ruby-2.1.1/gems/sass-3.2.19/lib/sass/scss/parser.rb:1123:in `call'
  10. /Users/retro/.rvm/gems/ruby-2.1.1/gems/sass-3.2.19/lib/sass/scss/parser.rb:1123:in `rethrow'
  11. /Users/retro/.rvm/gems/ruby-2.1.1/gems/sass-3.2.19/lib/sass/scss/parser.rb:592:in `declaration_or_ruleset'
  12. /Users/retro/.rvm/gems/ruby-2.1.1/gems/sass-3.2.19/lib/sass/scss/parser.rb:554:in `block_child'
  13. /Users/retro/.rvm/gems/ruby-2.1.1/gems/sass-3.2.19/lib/sass/scss/parser.rb:543:in `block_contents'
  14. /Users/retro/.rvm/gems/ruby-2.1.1/gems/sass-3.2.19/lib/sass/scss/parser.rb:535:in `block'
  15. /Users/retro/.rvm/gems/ruby-2.1.1/gems/sass-3.2.19/lib/sass/scss/parser.rb:529:in `ruleset'
  16. /Users/retro/.rvm/gems/ruby-2.1.1/gems/sass-3.2.19/lib/sass/scss/parser.rb:591:in `block in declaration_or_ruleset'
  17. /Users/retro/.rvm/gems/ruby-2.1.1/gems/sass-3.2.19/lib/sass/scss/parser.rb:1123:in `call'
  18. /Users/retro/.rvm/gems/ruby-2.1.1/gems/sass-3.2.19/lib/sass/scss/parser.rb:1123:in `rethrow'
  19. /Users/retro/.rvm/gems/ruby-2.1.1/gems/sass-3.2.19/lib/sass/scss/parser.rb:592:in `declaration_or_ruleset'
  20. /Users/retro/.rvm/gems/ruby-2.1.1/gems/sass-3.2.19/lib/sass/scss/parser.rb:554:in `block_child'
  21. /Users/retro/.rvm/gems/ruby-2.1.1/gems/sass-3.2.19/lib/sass/scss/parser.rb:546:in `block_contents'
  22. /Users/retro/.rvm/gems/ruby-2.1.1/gems/sass-3.2.19/lib/sass/scss/parser.rb:535:in `block'
  23. /Users/retro/.rvm/gems/ruby-2.1.1/gems/sass-3.2.19/lib/sass/scss/parser.rb:529:in `ruleset'
  24. /Users/retro/.rvm/gems/ruby-2.1.1/gems/sass-3.2.19/lib/sass/scss/parser.rb:553:in `block_child'
  25. /Users/retro/.rvm/gems/ruby-2.1.1/gems/sass-3.2.19/lib/sass/scss/parser.rb:546:in `block_contents'
  26. /Users/retro/.rvm/gems/ruby-2.1.1/gems/sass-3.2.19/lib/sass/scss/parser.rb:82:in `stylesheet'
  27. /Users/retro/.rvm/gems/ruby-2.1.1/gems/sass-3.2.19/lib/sass/scss/parser.rb:27:in `parse'
  28. /Users/retro/.rvm/gems/ruby-2.1.1/gems/sass-3.2.19/lib/sass/engine.rb:342:in `_to_tree'
  29. /Users/retro/.rvm/gems/ruby-2.1.1/gems/sass-3.2.19/lib/sass/engine.rb:315:in `_render'
  30. /Users/retro/.rvm/gems/ruby-2.1.1/gems/sass-3.2.19/lib/sass/engine.rb:262:in `render'
  31. /Users/retro/.rvm/gems/ruby-2.1.1/gems/nanoc-3.6.9/lib/nanoc/filters/sass.rb:20:in `run'
  32. /Users/retro/.rvm/gems/ruby-2.1.1/gems/nanoc-3.6.9/lib/nanoc/base/compilation/filter.rb:122:in `setup_and_run'
  33. /Users/retro/.rvm/gems/ruby-2.1.1/gems/nanoc-3.6.9/lib/nanoc/base/result_data/item_rep.rb:344:in `filter'
  34. /Users/retro/.rvm/gems/ruby-2.1.1/gems/nanoc-3.6.9/lib/nanoc/base/compilation/item_rep_proxy.rb:47:in `filter'
  35. /Users/retro/.rvm/gems/ruby-2.1.1/gems/nanoc-3.6.9/lib/nanoc/base/compilation/rule_context.rb:61:in `filter'
  36. ./Rules:31:in `block in load'
  37. /Users/retro/.rvm/gems/ruby-2.1.1/gems/nanoc-3.6.9/lib/nanoc/base/compilation/rule.rb:70:in `instance_eval'
  38. /Users/retro/.rvm/gems/ruby-2.1.1/gems/nanoc-3.6.9/lib/nanoc/base/compilation/rule.rb:70:in `apply_to'
  39. /Users/retro/.rvm/gems/ruby-2.1.1/gems/nanoc-3.6.9/lib/nanoc/base/compilation/compiler.rb:384:in `compile_rep'
  40. /Users/retro/.rvm/gems/ruby-2.1.1/gems/nanoc-3.6.9/lib/nanoc/base/compilation/compiler.rb:340:in `block in compile_reps'
  41. /Users/retro/.rvm/gems/ruby-2.1.1/gems/nanoc-3.6.9/lib/nanoc/base/compilation/compiler.rb:333:in `loop'
  42. /Users/retro/.rvm/gems/ruby-2.1.1/gems/nanoc-3.6.9/lib/nanoc/base/compilation/compiler.rb:333:in `compile_reps'
  43. /Users/retro/.rvm/gems/ruby-2.1.1/gems/nanoc-3.6.9/lib/nanoc/base/compilation/compiler.rb:89:in `run'
  44. /Users/retro/.rvm/gems/ruby-2.1.1/gems/nanoc-3.6.9/lib/nanoc/base/source_data/site.rb:58:in `compile'
  45. /Users/retro/.rvm/gems/ruby-2.1.1/gems/guard-nanoc-1.0.1/lib/guard/nanoc.rb:65:in `block in recompile'
  46. /Users/retro/.rvm/gems/ruby-2.1.1/gems/guard-nanoc-1.0.1/lib/guard/nanoc.rb:63:in `chdir'
  47. /Users/retro/.rvm/gems/ruby-2.1.1/gems/guard-nanoc-1.0.1/lib/guard/nanoc.rb:63:in `recompile'
  48. /Users/retro/.rvm/gems/ruby-2.1.1/gems/guard-nanoc-1.0.1/lib/guard/nanoc.rb:28:in `run_on_changes'
  49. /Users/retro/.rvm/gems/ruby-2.1.1/gems/guard-2.6.0/lib/guard/runner.rb:67:in `block in run_supervised_task'
  50. /Users/retro/.rvm/gems/ruby-2.1.1/gems/guard-2.6.0/lib/guard/runner.rb:65:in `catch'
  51. /Users/retro/.rvm/gems/ruby-2.1.1/gems/guard-2.6.0/lib/guard/runner.rb:65:in `run_supervised_task'
  52. /Users/retro/.rvm/gems/ruby-2.1.1/gems/guard-2.6.0/lib/guard/runner.rb:109:in `block in _run_first_task_found'
  53. /Users/retro/.rvm/gems/ruby-2.1.1/gems/guard-2.6.0/lib/guard/runner.rb:107:in `each'
  54. /Users/retro/.rvm/gems/ruby-2.1.1/gems/guard-2.6.0/lib/guard/runner.rb:107:in `_run_first_task_found'
  55. /Users/retro/.rvm/gems/ruby-2.1.1/gems/guard-2.6.0/lib/guard/runner.rb:47:in `block in run_on_changes'
  56. /Users/retro/.rvm/gems/ruby-2.1.1/gems/guard-2.6.0/lib/guard/runner.rb:140:in `block (3 levels) in _scoped_plugins'
  57. /Users/retro/.rvm/gems/ruby-2.1.1/gems/guard-2.6.0/lib/guard/runner.rb:138:in `each'
  58. /Users/retro/.rvm/gems/ruby-2.1.1/gems/guard-2.6.0/lib/guard/runner.rb:138:in `block (2 levels) in _scoped_plugins'
  59. /Users/retro/.rvm/gems/ruby-2.1.1/gems/guard-2.6.0/lib/guard/runner.rb:137:in `catch'
  60. /Users/retro/.rvm/gems/ruby-2.1.1/gems/guard-2.6.0/lib/guard/runner.rb:137:in `block in _scoped_plugins'
  61. /Users/retro/.rvm/gems/ruby-2.1.1/gems/guard-2.6.0/lib/guard/runner.rb:135:in `each'
  62. /Users/retro/.rvm/gems/ruby-2.1.1/gems/guard-2.6.0/lib/guard/runner.rb:135:in `_scoped_plugins'
  63. /Users/retro/.rvm/gems/ruby-2.1.1/gems/guard-2.6.0/lib/guard/runner.rb:40:in `run_on_changes'
  64. /Users/retro/.rvm/gems/ruby-2.1.1/gems/guard-2.6.0/lib/guard/setuper.rb:191:in `block (2 levels) in _setup_listener'
  65. /Users/retro/.rvm/gems/ruby-2.1.1/gems/guard-2.6.0/lib/guard/commander.rb:108:in `block in within_preserved_state'
  66. /Users/retro/.rvm/gems/ruby-2.1.1/gems/guard-2.6.0/lib/guard/commander.rb:105:in `synchronize'
  67. /Users/retro/.rvm/gems/ruby-2.1.1/gems/guard-2.6.0/lib/guard/commander.rb:105:in `within_preserved_state'
  68. /Users/retro/.rvm/gems/ruby-2.1.1/gems/guard-2.6.0/lib/guard/setuper.rb:190:in `block in _setup_listener'
  69. /Users/retro/.rvm/gems/ruby-2.1.1/gems/listen-2.7.3/lib/listen/listener.rb:149:in `call'
  70. /Users/retro/.rvm/gems/ruby-2.1.1/gems/listen-2.7.3/lib/listen/listener.rb:149:in `block in _wait_for_changes'
  71. /Users/retro/.rvm/gems/ruby-2.1.1/gems/listen-2.7.3/lib/listen/listener.rb:138:in `loop'
  72. /Users/retro/.rvm/gems/ruby-2.1.1/gems/listen-2.7.3/lib/listen/listener.rb:138:in `_wait_for_changes'

===== VERSION INFORMATION:

nanoc 3.6.9 © 2007-2013 Denis Defreyne.
Running ruby 2.1.1 (2014-02-24) on x86_64-darwin12.0 with RubyGems 2.2.2.

===== SYSTEM INFORMATION:

Darwin Mihaels-MacBook-Pro.local 13.1.0 Darwin Kernel Version 13.1.0: Wed Apr  2 23:52:02 PDT 2014; root:xnu-2422.92.1~2/RELEASE_X86_64 x86_64

===== INSTALLED GEMS:

  breakpoint 2.0.7
  breakpoint-slicer 1.2
  bundler 1.5.3
  celluloid 0.15.2
  celluloid-io 0.15.0
  chunky_png 1.3.1
  coderay 1.1.0
  colored 1.2
  compass 0.12.6
  cri 2.6.0
  ffi 1.9.3
  formatador 0.2.4
  fssm 0.2.10
  guard 2.6.0
  guard-nanoc 1.0.1
  listen 2.7.3
  lumberjack 1.0.5
  method_source 0.8.2
  modular-scale 1.0.6
  nanoc 3.6.9
  nio4r 1.0.0
  pry 0.9.12.6
  rb-fsevent 0.9.4
  rb-inotify 0.9.4
  sass 3.2.19
  sassy-math 1.5
  singularitygs 1.1.2
  slop 3.5.0
  thor 0.19.1
  timers 1.1.0

===== ENVIRONMENT:

Apple_PubSub_Socket_Render => "/tmp/launch-Jgtkta/Render"
BITBUCKET_KEY => "8GxTuHs87L2dMecrEW"
BITBUCKET_SECRET => "5NZAk7PCjzSs5v2vzTdSTWXdbBJJ6Xw2"
BUNDLE_BIN_PATH => "/Users/retro/.rvm/gems/ruby-2.1.1@global/gems/bundler-1.5.3/bin/bundle"
BUNDLE_GEMFILE => "/Users/retro/Projects/webcampzg.github.io/_site/Gemfile"
COLUMNS => "80"
DISPLAY => "/tmp/launch-dFbe3z/org.macosforge.xquartz:0"
FLICKR_KEY => "9c17980445b6d62db606d21524911bbf"
FLICKR_SECRET => "72fe9ad7c762c1e8"
GEM_HOME => "/Users/retro/.rvm/gems/ruby-2.1.1"
GEM_PATH => "/Users/retro/.rvm/gems/ruby-2.1.1:/Users/retro/.rvm/gems/ruby-2.1.1@global"
GITHUB_CLIENT_ID => "88356d3842a99d227974"
GITHUB_CLIENT_SECRET => "4b947fc57facd5cc4ce59b47662820939b388a40"
GOOGLE_CLIENT_ID => "403474106725.apps.googleusercontent.com"
GOOGLE_CLIENT_SECRET => "qCUaE_BqTMI-CQRCPA9l0Tgc"
GREP_COLOR => "1;32"
GREP_OPTIONS => "--color=auto --exclude-dir=.cvs --exclude-dir=.git --exclude-dir=.hg --exclude-dir=.svn"
GUARD_NOTIFIERS => "---\n- :name: :terminal_title\n  :options:\n    :silent: true\n"
GUARD_NOTIFY => "true"
HOME => "/Users/retro"
IRBRC => "/Users/retro/.rvm/rubies/ruby-2.1.1/.irbrc"
LANG => "en_US.UTF-8"
LC_CTYPE => "en_US.UTF-8"
LD_LIBRARY_PATH => "/Users/retro/lib:"
LESS => "-R"
LINES => "24"
LOGNAME => "retro"
LSCOLORS => "Gxfxcxdxbxegedabagacad"
OLDPWD => "/Users/retro/Projects/webcampzg.github.io"
PAGER => "less"
PATH => "/Users/retro/.rvm/gems/ruby-2.1.1/bin:/usr/local/heroku/bin:/Users/retro/.rvm/gems/ruby-2.1.1@global/bin:/Users/retro/.rvm/rubies/ruby-2.1.1/bin:/Users/retro/.rvm/bin:/usr/local/Cellar/coreutils/8.22/libexec/gnubin:/usr/local/bin:/usr/bin:/bin:/usr/sbin:/sbin:/usr/X11/bin:/Users/retro/bin:/usr/local/sbin:/usr/local/share/npm/bin:/Users/retro/adt-bundle-mac/sdk/platform-tools:Users/retro/bin:/Applications/Postgres93.app/Contents/MacOS/bin"
PUSHER_URL => "http://370daaeedb6720d83e08:a14f429e730729ed6fc2@api.pusherapp.com/apps/38286"
PWD => "/Users/retro/Projects/webcampzg.github.io/_site"
PYTHONPATH => "/usr/local/lib/python2.7/site-packages:"
RETROAKTIVE_ENV => "dev"
RUBYLIB => "/Users/retro/.rvm/gems/ruby-2.1.1@global/gems/bundler-1.5.3/lib"
RUBYOPT => "-rbundler/setup"
SECURITYSESSIONID => "186a4"
SHELL => "/bin/zsh"
SHLVL => "1"
SSH_AUTH_SOCK => "/tmp/launch-fWCyE8/Listeners"
TERM => "xterm-256color"
TERM_PROGRAM => "Apple_Terminal"
TERM_PROGRAM_VERSION => "326"
TERM_SESSION_ID => "0DA0966B-4B39-46EB-9085-5740B93675B3"
TMPDIR => "/var/folders/4y/8chjhhw16n78swgppjmgjs580000gn/T/"
USER => "retro"
_ => "/Users/retro/.rvm/gems/ruby-2.1.1/bin/guard"
_ORIGINAL_GEM_PATH => "/Users/retro/.rvm/gems/ruby-2.1.1:/Users/retro/.rvm/gems/ruby-2.1.1@global"
__CF_USER_TEXT_ENCODING => "0x1F5:0:0"
__CHECKFIX1436934 => "1"
_system_arch => "x86_64"
_system_name => "OSX"
_system_type => "Darwin"
_system_version => "10.9"
rvm_alias_expanded => ""
rvm_bin_path => "/Users/retro/.rvm/bin"
rvm_docs_type => ""
rvm_gemstone_package_file => ""
rvm_gemstone_url => ""
rvm_niceness => ""
rvm_nightly_flag => ""
rvm_path => "/Users/retro/.rvm"
rvm_prefix => "/Users/retro"
rvm_proxy => ""
rvm_quiet_flag => ""
rvm_ruby_file => ""
rvm_ruby_make => ""
rvm_ruby_make_install => ""
rvm_ruby_mode => ""
rvm_script_name => ""
rvm_sdk => ""
rvm_silent_flag => ""
rvm_version => "1.25.0 (stable)"
rvm_wrapper_name => ""

===== GEMFILE.LOCK:

GEM
  remote: https://rubygems.org/
  specs:
    breakpoint (2.0.7)
      compass (>= 0.12.1)
      sass (>= 3.2.0)
    breakpoint-slicer (1.2)
      breakpoint (>= 2.0.1)
      compass (>= 0.12.2)
      sass (>= 3.2.1)
    celluloid (0.15.2)
      timers (~> 1.1.0)
    celluloid-io (0.15.0)
      celluloid (>= 0.15.0)
      nio4r (>= 0.5.0)
    chunky_png (1.3.1)
    coderay (1.1.0)
    colored (1.2)
    compass (0.12.6)
      chunky_png (~> 1.2)
      fssm (>= 0.2.7)
      sass (~> 3.2.19)
    cri (2.6.0)
      colored (~> 1.2)
    ffi (1.9.3)
    formatador (0.2.4)
    fssm (0.2.10)
    guard (2.6.0)
      formatador (>= 0.2.4)
      listen (~> 2.7)
      lumberjack (~> 1.0)
      pry (>= 0.9.12)
      thor (>= 0.18.1)
    guard-nanoc (1.0.1)
      guard (>= 1.8.0)
      nanoc (>= 3.6.3)
    listen (2.7.3)
      celluloid (>= 0.15.2)
      celluloid-io (>= 0.15.0)
      rb-fsevent (>= 0.9.3)
      rb-inotify (>= 0.9)
    lumberjack (1.0.5)
    method_source (0.8.2)
    modular-scale (1.0.6)
      compass (>= 0.12.1)
      sass (>= 3.2.0)
      sassy-math (>= 1.5)
    nanoc (3.6.9)
      cri (~> 2.3)
    nio4r (1.0.0)
    pry (0.9.12.6)
      coderay (~> 1.0)
      method_source (~> 0.8)
      slop (~> 3.4)
    rb-fsevent (0.9.4)
    rb-inotify (0.9.4)
      ffi (>= 0.5.0)
    sass (3.2.19)
    sassy-math (1.5)
      compass (~> 0.11)
    singularitygs (1.1.2)
      breakpoint (>= 2.0.1)
      compass (>= 0.12.2)
      sass (>= 3.2.1)
    slop (3.5.0)
    thor (0.19.1)
    timers (1.1.0)

PLATFORMS
  ruby

DEPENDENCIES
  breakpoint (= 2.0.7)
  breakpoint-slicer (= 1.2)
  compass (= 0.12.6)
  guard (= 2.6.0)
  guard-nanoc (= 1.0.1)
  modular-scale (= 1.0.6)
  singularitygs (= 1.1.2)

===== LOAD PATHS:

  0. /Users/retro/.rvm/gems/ruby-2.1.1/gems/singularitygs-1.1.2/lib
  1. /Users/retro/.rvm/gems/ruby-2.1.1/gems/modular-scale-1.0.6/lib
  2. /Users/retro/.rvm/gems/ruby-2.1.1/gems/sassy-math-1.5/lib
  3. /Users/retro/.rvm/gems/ruby-2.1.1/gems/guard-nanoc-1.0.1/lib
  4. /Users/retro/.rvm/gems/ruby-2.1.1/gems/nanoc-3.6.9/lib
  5. /Users/retro/.rvm/gems/ruby-2.1.1/gems/guard-2.6.0/lib
  6. /Users/retro/.rvm/gems/ruby-2.1.1/gems/thor-0.19.1/lib
  7. /Users/retro/.rvm/gems/ruby-2.1.1/gems/pry-0.9.12.6/lib
  8. /Users/retro/.rvm/gems/ruby-2.1.1/gems/slop-3.5.0/lib
  9. /Users/retro/.rvm/gems/ruby-2.1.1/gems/method_source-0.8.2/lib
  10. /Users/retro/.rvm/gems/ruby-2.1.1/gems/lumberjack-1.0.5/lib
  11. /Users/retro/.rvm/gems/ruby-2.1.1/gems/listen-2.7.3/lib
  12. /Users/retro/.rvm/gems/ruby-2.1.1/gems/rb-inotify-0.9.4/lib
  13. /Users/retro/.rvm/gems/ruby-2.1.1/gems/rb-fsevent-0.9.4/lib
  14. /Users/retro/.rvm/gems/ruby-2.1.1/gems/formatador-0.2.4/lib
  15. /Users/retro/.rvm/gems/ruby-2.1.1/extensions/x86_64-darwin-12/2.1.0-static/ffi-1.9.3
  16. /Users/retro/.rvm/gems/ruby-2.1.1/gems/ffi-1.9.3/lib
  17. /Users/retro/.rvm/gems/ruby-2.1.1/gems/ffi-1.9.3/ext/ffi_c
  18. /Users/retro/.rvm/gems/ruby-2.1.1/gems/cri-2.6.0/lib
  19. /Users/retro/.rvm/gems/ruby-2.1.1/gems/colored-1.2/lib
  20. /Users/retro/.rvm/gems/ruby-2.1.1/gems/coderay-1.1.0/lib
  21. /Users/retro/.rvm/gems/ruby-2.1.1/gems/celluloid-io-0.15.0/lib
  22. /Users/retro/.rvm/gems/ruby-2.1.1/extensions/x86_64-darwin-12/2.1.0-static/nio4r-1.0.0
  23. /Users/retro/.rvm/gems/ruby-2.1.1/gems/nio4r-1.0.0/lib
  24. /Users/retro/.rvm/gems/ruby-2.1.1/gems/celluloid-0.15.2/lib
  25. /Users/retro/.rvm/gems/ruby-2.1.1/gems/timers-1.1.0/lib
  26. /Users/retro/.rvm/gems/ruby-2.1.1/gems/breakpoint-slicer-1.2/lib
  27. /Users/retro/.rvm/gems/ruby-2.1.1/gems/breakpoint-2.0.7/lib
  28. /Users/retro/.rvm/gems/ruby-2.1.1/gems/compass-0.12.6/lib
  29. /Users/retro/.rvm/gems/ruby-2.1.1/gems/sass-3.2.19/lib
  30. /Users/retro/.rvm/gems/ruby-2.1.1/gems/fssm-0.2.10/lib
  31. /Users/retro/.rvm/gems/ruby-2.1.1/gems/chunky_png-1.3.1/lib
  32. /Users/retro/.rvm/gems/ruby-2.1.1@global/gems/bundler-1.5.3/lib
  33. /Users/retro/.rvm/rubies/ruby-2.1.1/lib/ruby/site_ruby/2.1.0
  34. /Users/retro/.rvm/rubies/ruby-2.1.1/lib/ruby/site_ruby/2.1.0/x86_64-darwin12.0
  35. /Users/retro/.rvm/rubies/ruby-2.1.1/lib/ruby/site_ruby
  36. /Users/retro/.rvm/rubies/ruby-2.1.1/lib/ruby/vendor_ruby/2.1.0
  37. /Users/retro/.rvm/rubies/ruby-2.1.1/lib/ruby/vendor_ruby/2.1.0/x86_64-darwin12.0
  38. /Users/retro/.rvm/rubies/ruby-2.1.1/lib/ruby/vendor_ruby
  39. /Users/retro/.rvm/rubies/ruby-2.1.1/lib/ruby/2.1.0
  40. /Users/retro/.rvm/rubies/ruby-2.1.1/lib/ruby/2.1.0/x86_64-darwin12.0
